2025-04-04 04:00:44.107951 - Received CBT.V508.FILE1037.PDS from FILE1037.XMI 
2025-04-04 04:00:44.108675 - Found $$$#DATE.txt (text/plain) in CBT.V508.FILE1037.PDS, moved to PDS/$$$#DATE
2025-04-04 04:00:44.108961 - Found $$DOC.txt (text/plain) in CBT.V508.FILE1037.PDS, moved to PDS/$$DOC
2025-04-04 04:00:44.109095 - Found $RECEIVE.jcl (text/plain) in CBT.V508.FILE1037.PDS, moved to PDS/$RECEIVE
2025-04-04 04:00:44.109217 - Found @FIL1037.txt (text/plain) in CBT.V508.FILE1037.PDS, moved to PDS/@FIL1037
2025-04-04 04:00:44.109369 - Found DOCX.docx (application/vnd.openxmlformats-officedocument.wordprocessingml.document) in CBT.V508.FILE1037.PDS, moved to docs/DOCX.docx
2025-04-04 04:00:44.109511 - Found LOAD.xmi (application/xmit) in CBT.V508.FILE1037.PDS, moved to PDS/LOAD.xmi
2025-04-04 04:00:44.128938 - Received SBGOLOB.DISASM.LOAD from LOAD.xmi 
2025-04-04 04:00:44.129303 - Found alias DISASM to DISASM01 in SBGOLOB.DISASM.LOAD, moved to PDS/DISASM
2025-04-04 04:00:44.129494 - Found DISASM01.bin (application/octet-stream) in SBGOLOB.DISASM.LOAD, moved to LOAD/DISASM01
2025-04-04 04:00:44.129630 - Found DISOPAPP.bin (application/octet-stream) in SBGOLOB.DISASM.LOAD, moved to LOAD/DISOPAPP
2025-04-04 04:00:44.129757 - Found DISOPAP2.bin (application/octet-stream) in SBGOLOB.DISASM.LOAD, moved to LOAD/DISOPAP2
2025-04-04 04:00:44.129878 - Found DISOP36S.bin (application/octet-stream) in SBGOLOB.DISASM.LOAD, moved to LOAD/DISOP36S
2025-04-04 04:00:44.130036 - Found DISOP37B.bin (application/octet-stream) in SBGOLOB.DISASM.LOAD, moved to LOAD/DISOP37B
2025-04-04 04:00:44.130172 - Found DISOP370.bin (application/octet-stream) in SBGOLOB.DISASM.LOAD, moved to LOAD/DISOP370
2025-04-04 04:00:44.130529 - Found DISOP390.bin (application/octet-stream) in SBGOLOB.DISASM.LOAD, moved to LOAD/DISOP390
2025-04-04 04:00:44.131396 - Found SOURCE.xmi (application/xmit) in CBT.V508.FILE1037.PDS, moved to PDS/SOURCE.xmi
2025-04-04 04:00:44.829904 - Received SBGOLOB.DISASM.SOURCE from SOURCE.xmi 
2025-04-04 04:00:44.831917 - Found $$$ASM.jcl (text/plain) in SBGOLOB.DISASM.SOURCE, moved to SOURCE/$$$ASM
2025-04-04 04:00:44.832059 - Found $$ASMESP.jcl (text/plain) in SBGOLOB.DISASM.SOURCE, moved to SOURCE/$$ASMESP
2025-04-04 04:00:44.832191 - Found $$ASMES1.jcl (text/plain) in SBGOLOB.DISASM.SOURCE, moved to SOURCE/$$ASMES1
2025-04-04 04:00:44.832329 - Found $$ASMXA.jcl (text/plain) in SBGOLOB.DISASM.SOURCE, moved to SOURCE/$$ASMXA
2025-04-04 04:00:44.832451 - Found $$ASTEST.jcl (text/plain) in SBGOLOB.DISASM.SOURCE, moved to SOURCE/$$ASTEST
2025-04-04 04:00:44.832578 - Found $$DOC.txt (text/plain) in SBGOLOB.DISASM.SOURCE, moved to SOURCE/$$DOC
2025-04-04 04:00:44.832699 - Found $$DOCLST.jcl (text/plain) in SBGOLOB.DISASM.SOURCE, moved to SOURCE/$$DOCLST
2025-04-04 04:00:44.832860 - Found $$HIST.txt (text/plain) in SBGOLOB.DISASM.SOURCE, moved to SOURCE/$$HIST
2025-04-04 04:00:44.832975 - Found $$PROC.txt (text/plain) in SBGOLOB.DISASM.SOURCE, moved to SOURCE/$$PROC
2025-04-04 04:00:44.833093 - Found $$PROCA.txt (text/plain) in SBGOLOB.DISASM.SOURCE, moved to SOURCE/$$PROCA
2025-04-04 04:00:44.833223 - Found $TESTJCL.jcl (text/plain) in SBGOLOB.DISASM.SOURCE, moved to SOURCE/$TESTJCL
2025-04-04 04:00:44.833343 - Found $TESTLST.jcl (text/plain) in SBGOLOB.DISASM.SOURCE, moved to SOURCE/$TESTLST
2025-04-04 04:00:44.833462 - Found $TESTRUN.jcl (text/plain) in SBGOLOB.DISASM.SOURCE, moved to SOURCE/$TESTRUN
2025-04-04 04:00:44.833587 - Found AMODE.txt (text/plain) in SBGOLOB.DISASM.SOURCE, moved to SOURCE/AMODE
2025-04-04 04:00:44.833705 - Found DBUGBLOK.txt (text/plain) in SBGOLOB.DISASM.SOURCE, moved to SOURCE/DBUGBLOK
2025-04-04 04:00:44.833818 - Found DISASMAP.txt (text/plain) in SBGOLOB.DISASM.SOURCE, moved to SOURCE/DISASMAP
2025-04-04 04:00:44.833936 - Found DISASMCM.txt (text/plain) in SBGOLOB.DISASM.SOURCE, moved to SOURCE/DISASMCM
2025-04-04 04:00:44.834125 - Found DISASMDA.txt (text/plain) in SBGOLOB.DISASM.SOURCE, moved to SOURCE/DISASMDA
2025-04-04 04:00:44.834243 - Found DISASMDB.txt (text/plain) in SBGOLOB.DISASM.SOURCE, moved to SOURCE/DISASMDB
2025-04-04 04:00:44.834357 - Found DISASMDC.txt (text/plain) in SBGOLOB.DISASM.SOURCE, moved to SOURCE/DISASMDC
2025-04-04 04:00:44.834472 - Found DISASMDT.txt (text/plain) in SBGOLOB.DISASM.SOURCE, moved to SOURCE/DISASMDT
2025-04-04 04:00:44.834597 - Found DISASMGB.txt (text/plain) in SBGOLOB.DISASM.SOURCE, moved to SOURCE/DISASMGB
2025-04-04 04:00:44.834755 - Found DISASMLS.txt (text/plain) in SBGOLOB.DISASM.SOURCE, moved to SOURCE/DISASMLS
2025-04-04 04:00:44.834896 - Found DISASMOP.txt (text/plain) in SBGOLOB.DISASM.SOURCE, moved to SOURCE/DISASMOP
2025-04-04 04:00:44.835027 - Found DISASMPR.txt (text/plain) in SBGOLOB.DISASM.SOURCE, moved to SOURCE/DISASMPR
2025-04-04 04:00:44.835196 - Found DISASMPU.txt (text/plain) in SBGOLOB.DISASM.SOURCE, moved to SOURCE/DISASMPU
2025-04-04 04:00:44.835663 - Found DISASMTS.txt (text/plain) in SBGOLOB.DISASM.SOURCE, moved to SOURCE/DISASMTS
2025-04-04 04:00:44.835785 - Found DISASM00.txt (text/plain) in SBGOLOB.DISASM.SOURCE, moved to SOURCE/DISASM00
2025-04-04 04:00:44.835899 - Found DISASM01.txt (text/plain) in SBGOLOB.DISASM.SOURCE, moved to SOURCE/DISASM01
2025-04-04 04:00:44.836025 - Found DISASM02.txt (text/plain) in SBGOLOB.DISASM.SOURCE, moved to SOURCE/DISASM02
2025-04-04 04:00:44.836143 - Found DISASM03.txt (text/plain) in SBGOLOB.DISASM.SOURCE, moved to SOURCE/DISASM03
2025-04-04 04:00:44.836266 - Found DISASM04.txt (text/plain) in SBGOLOB.DISASM.SOURCE, moved to SOURCE/DISASM04
2025-04-04 04:00:44.836400 - Found DISASM05.txt (text/plain) in SBGOLOB.DISASM.SOURCE, moved to SOURCE/DISASM05
2025-04-04 04:00:44.836522 - Found DISASM06.txt (text/plain) in SBGOLOB.DISASM.SOURCE, moved to SOURCE/DISASM06
2025-04-04 04:00:44.836632 - Found DISASM07.txt (text/plain) in SBGOLOB.DISASM.SOURCE, moved to SOURCE/DISASM07
2025-04-04 04:00:44.836750 - Found DISASM08.txt (text/plain) in SBGOLOB.DISASM.SOURCE, moved to SOURCE/DISASM08
2025-04-04 04:00:44.836891 - Found DISASM09.txt (text/plain) in SBGOLOB.DISASM.SOURCE, moved to SOURCE/DISASM09
2025-04-04 04:00:44.837004 - Found DISASM13.txt (text/plain) in SBGOLOB.DISASM.SOURCE, moved to SOURCE/DISASM13
2025-04-04 04:00:44.837116 - Found DISASM19.txt (text/plain) in SBGOLOB.DISASM.SOURCE, moved to SOURCE/DISASM19
2025-04-04 04:00:44.837239 - Found DISASM55.txt (text/plain) in SBGOLOB.DISASM.SOURCE, moved to SOURCE/DISASM55
2025-04-04 04:00:44.837394 - Found DISOPAPP.txt (text/plain) in SBGOLOB.DISASM.SOURCE, moved to SOURCE/DISOPAPP
2025-04-04 04:00:44.837545 - Found DISOPAP2.txt (text/plain) in SBGOLOB.DISASM.SOURCE, moved to SOURCE/DISOPAP2
2025-04-04 04:00:44.837657 - Found DISOPT.txt (text/plain) in SBGOLOB.DISASM.SOURCE, moved to SOURCE/DISOPT
2025-04-04 04:00:44.837786 - Found DISOPZ00.txt (text/plain) in SBGOLOB.DISASM.SOURCE, moved to SOURCE/DISOPZ00
2025-04-04 04:00:44.837930 - Found DISOP36S.txt (text/plain) in SBGOLOB.DISASM.SOURCE, moved to SOURCE/DISOP36S
2025-04-04 04:00:44.838112 - Found DISOP360.txt (text/plain) in SBGOLOB.DISASM.SOURCE, moved to SOURCE/DISOP360
2025-04-04 04:00:44.838231 - Found DISOP37B.txt (text/plain) in SBGOLOB.DISASM.SOURCE, moved to SOURCE/DISOP37B
2025-04-04 04:00:44.838364 - Found DISOP370.txt (text/plain) in SBGOLOB.DISASM.SOURCE, moved to SOURCE/DISOP370
2025-04-04 04:00:44.838480 - Found DISOP390.txt (text/plain) in SBGOLOB.DISASM.SOURCE, moved to SOURCE/DISOP390
2025-04-04 04:00:44.838594 - Found ITRACE.txt (text/plain) in SBGOLOB.DISASM.SOURCE, moved to SOURCE/ITRACE
2025-04-04 04:00:44.838722 - Found MIN.txt (text/plain) in SBGOLOB.DISASM.SOURCE, moved to SOURCE/MIN
2025-04-04 04:00:44.838831 - Found MODHEAD.txt (text/plain) in SBGOLOB.DISASM.SOURCE, moved to SOURCE/MODHEAD
2025-04-04 04:00:44.838964 - Found OLDASM09.txt (text/plain) in SBGOLOB.DISASM.SOURCE, moved to SOURCE/OLDASM09
2025-04-04 04:00:44.839082 - Found OPCODE.txt (text/plain) in SBGOLOB.DISASM.SOURCE, moved to SOURCE/OPCODE
2025-04-04 04:00:44.839194 - Found PRTBLOK.txt (text/plain) in SBGOLOB.DISASM.SOURCE, moved to SOURCE/PRTBLOK
2025-04-04 04:00:44.839307 - Found PUNBLOK.txt (text/plain) in SBGOLOB.DISASM.SOURCE, moved to SOURCE/PUNBLOK
2025-04-04 04:00:44.839441 - Found RMODE.txt (text/plain) in SBGOLOB.DISASM.SOURCE, moved to SOURCE/RMODE
2025-04-04 04:00:44.839556 - Found SHEX.txt (text/plain) in SBGOLOB.DISASM.SOURCE, moved to SOURCE/SHEX
2025-04-04 04:00:44.839670 - Found YREGS.txt (text/plain) in SBGOLOB.DISASM.SOURCE, moved to SOURCE/YREGS
